\BOOKMARK [0][-]{chapter.1}{Introduction}{}% 1
\BOOKMARK [1][-]{section.1.1}{Motivation}{chapter.1}% 2
\BOOKMARK [1][-]{section.1.2}{Objectives}{chapter.1}% 3
\BOOKMARK [1][-]{section.1.3}{MEMS and silicon photonics}{chapter.1}% 4
\BOOKMARK [1][-]{section.1.4}{Importance of these systems}{chapter.1}% 5
\BOOKMARK [1][-]{section.1.5}{Outline of this thesis}{chapter.1}% 6
\BOOKMARK [0][-]{chapter.2}{State of the art}{}% 7
\BOOKMARK [1][-]{section.2.1}{Optical waveguides}{chapter.2}% 8
\BOOKMARK [1][-]{section.2.2}{Polarization in optical waveguides}{chapter.2}% 9
\BOOKMARK [1][-]{section.2.3}{Polarization rotator}{chapter.2}% 10
\BOOKMARK [2][-]{subsection.2.3.1}{Passive polarization rotator}{section.2.3}% 11
\BOOKMARK [2][-]{subsection.2.3.2}{Active polarization rotator}{section.2.3}% 12
\BOOKMARK [0][-]{chapter.3}{Design and simulation}{}% 13
\BOOKMARK [1][-]{section.3.1}{Approach}{chapter.3}% 14
\BOOKMARK [1][-]{section.3.2}{Choice of simulation}{chapter.3}% 15
\BOOKMARK [1][-]{section.3.3}{Designing the experiment}{chapter.3}% 16
\BOOKMARK [2][-]{subsection.3.3.1}{Use case: Passive polarization rotator}{section.3.3}% 17
\BOOKMARK [2][-]{subsection.3.3.2}{Use case: Active polarization rotator}{section.3.3}% 18
\BOOKMARK [0][-]{chapter.4}{Fabrication}{}% 19
\BOOKMARK [0][-]{chapter.5}{Results}{}% 20
\BOOKMARK [1][-]{section.5.1}{Experimental setup for measurement}{chapter.5}% 21
\BOOKMARK [1][-]{section.5.2}{Results}{chapter.5}% 22
\BOOKMARK [1][-]{section.5.3}{Analysis}{chapter.5}% 23
\BOOKMARK [0][-]{chapter.6}{Conclusions}{}% 24
\BOOKMARK [0][-]{chapter.7}{Limitations and future work}{}% 25
\BOOKMARK [0][-]{chapter.8}{Acknowledgments}{}% 26
\BOOKMARK [1][-]{section.8.1}{Sample}{chapter.8}% 27
\BOOKMARK [0][-]{chapter*.2}{Bibliography}{}% 28
